SpeechBrain system description
==============================
Python version:
3.8.10 (default, Jul  3 2022, 16:15:04) 
[GCC 4.8.5 20150623 (Red Hat 4.8.5-44)]
==============================
Installed Python packages:
absl-py==1.1.0
aiohttp==3.8.1
aiosignal==1.2.0
antlr4-python3-runtime==4.9.3
asteroid==0.5.2
asteroid-filterbanks==0.4.0
async-timeout==4.0.2
attrs==21.4.0
audioread==2.1.9
cached-property==1.5.2
cachetools==5.2.0
certifi==2022.6.15
cffi==1.15.1
charset-normalizer==2.1.0
decorator==5.1.1
einops==0.4.1
filelock==3.7.1
frozenlist==1.3.0
fsspec==2022.5.0
future==0.18.2
google-auth==2.9.0
google-auth-oauthlib==0.4.6
grpcio==1.47.0
huggingface-hub==0.8.1
HyperPyYAML==1.0.1
idna==3.3
importlib-metadata==4.12.0
joblib==1.1.0
julius==0.2.6
librosa==0.7.1
llvmlite==0.31.0
Markdown==3.3.7
mir-eval==0.7
multidict==6.0.2
numba==0.48.0
numpy==1.21.5
oauthlib==3.2.0
omegaconf==2.2.2
packaging==21.3
pandas==1.4.3
pb-bss-eval==0.0.2
pesq==0.0.4
Pillow==9.2.0
protobuf==3.19.4
pyasn1==0.4.8
pyasn1-modules==0.2.8
pycparser==2.21
pyDeprecate==0.3.1
pyparsing==3.0.9
pystoi==0.3.3
python-dateutil==2.8.2
pytorch-lightning==1.4.9
pytorch-ranger==0.1.1
pytz==2022.1
PyYAML==6.0
requests==2.28.1
requests-oauthlib==1.3.1
resampy==0.3.0
rsa==4.8
ruamel.yaml==0.17.21
ruamel.yaml.clib==0.2.6
scikit-learn==1.1.1
scipy==1.8.1
sentencepiece==0.1.96
six==1.16.0
SoundFile==0.10.3.post1
speechbrain==0.5.8
tensorboard==2.9.1
tensorboard-data-server==0.6.1
tensorboard-plugin-wit==1.8.1
threadpoolctl==3.1.0
torch==1.8.1+cu111
torch-optimizer==0.1.0
torch-stoi==0.1.2
torchaudio==0.8.1
torchmetrics==0.9.2
torchsummary==1.5.1
torchvision==0.9.1+cu111
tqdm==4.64.0
typing-extensions==4.3.0
urllib3==1.26.9
Werkzeug==2.1.2
yarl==1.7.2
zipp==3.8.0
==============================
Git revision:
7932705
==============================
Cuda version:
11.1